<?xml version="1.0" encoding="UTF-8"?>
<testsuite xmlns:xsi="http://www.w3.org/2001/XMLSchema-instance" xsi:noNamespaceSchemaLocation="https://maven.apache.org/surefire/maven-surefire-plugin/xsd/surefire-test-report-3.0.xsd" version="3.0" name="com.finalphase.fabricapins.FabricapinsApplicationTests" time="7.297" tests="1" errors="0" skipped="0" failures="0">
  <properties>
[...]
</properties>
  <testcase name="contextLoads" classname="com.finalphase.fabricapins.FabricapinsApplicationTests" time="0.357">
    <system-out><![CDATA[13:48:15.895 [main] INFO org.springframework.test.context.support.AnnotationConfigContextLoaderUtils -- Could not detect default configuration classes for test class [com.finalphase.fabricapins.FabricapinsApplicationTests]: FabricapinsApplicationTests does not declare any static, non-private, non-final, nested classes annotated with @Configuration.
13:48:16.009 [main] INFO org.springframework.boot.test.context.SpringBootTestContextBootstrapper -- Found @SpringBootConfiguration com.finalphase.fabricapins.FabricapinsApplication for test class com.finalphase.fabricapins.FabricapinsApplicationTests

  .   ____          _            __ _ _
 /\\ / ___'_ __ _ _(_)_ __  __ _ \ \ \ \
( ( )\___ | '_ | '_| | '_ \/ _` | \ \ \ \
 \\/  ___)| |_)| | | | | || (_| |  ) ) ) )
  '  |____| .__|_| |_|_| |_\__, | / / / /
 =========|_|==============|___/=/_/_/_/

 :: Spring Boot ::                (v3.3.5)

2026-05-02T13:48:16.347-03:00  INFO 11900 --- [fabricapins] [           main] c.f.f.FabricapinsApplicationTests        : Starting FabricapinsApplicationTests using Java 21.0.1 with PID 11900 (started by allan in C:\Users\allan\OneDrive\Documentos\Documents\01_Graduacao\01_Sistema_de_Informacao_PUCMinas\Eixo 08\TCC\mvp-fabricapins)
2026-05-02T13:48:16.347-03:00  INFO 11900 --- [fabricapins] [           main] c.f.f.FabricapinsApplicationTests        : The following 1 profile is active: "dev"
2026-05-02T13:48:17.414-03:00  INFO 11900 --- [fabricapins] [           main] .s.d.r.c.RepositoryConfigurationDelegate : Bootstrapping Spring Data JPA repositories in DEFAULT mode.
2026-05-02T13:48:17.615-03:00  INFO 11900 --- [fabricapins] [           main] .s.d.r.c.RepositoryConfigurationDelegate : Finished Spring Data repository scanning in 193 ms. Found 13 JPA repository interfaces.
2026-05-02T13:48:18.277-03:00  INFO 11900 --- [fabricapins] [           main] o.hibernate.jpa.internal.util.LogHelper  : HHH000204: Processing PersistenceUnitInfo [name: default]
2026-05-02T13:48:18.334-03:00  INFO 11900 --- [fabricapins] [           main] org.hibernate.Version                    : HHH000412: Hibernate ORM core version 6.5.3.Final
2026-05-02T13:48:18.364-03:00  INFO 11900 --- [fabricapins] [           main] o.h.c.internal.RegionFactoryInitiator    : HHH000026: Second-level cache disabled
2026-05-02T13:48:18.590-03:00  INFO 11900 --- [fabricapins] [           main] o.s.o.j.p.SpringPersistenceUnitInfo      : No LoadTimeWeaver setup: ignoring JPA class transformer
2026-05-02T13:48:18.610-03:00  INFO 11900 --- [fabricapins] [           main] com.zaxxer.hikari.HikariDataSource       : HikariPool-1 - Starting...
2026-05-02T13:48:18.736-03:00  INFO 11900 --- [fabricapins] [           main] com.zaxxer.hikari.pool.HikariPool        : HikariPool-1 - Added connection conn0: url=jdbc:h2:mem:fabricapins user=SA
2026-05-02T13:48:18.737-03:00  INFO 11900 --- [fabricapins] [           main] com.zaxxer.hikari.HikariDataSource       : HikariPool-1 - Start completed.
2026-05-02T13:48:18.758-03:00  WARN 11900 --- [fabricapins] [           main] org.hibernate.orm.deprecation            : HHH90000025: H2Dialect does not need to be specified explicitly using 'hibernate.dialect' (remove the property setting and it will be selected by default)
2026-05-02T13:48:19.697-03:00  INFO 11900 --- [fabricapins] [           main] o.h.e.t.j.p.i.JtaPlatformInitiator       : HHH000489: No JTA platform available (set 'hibernate.transaction.jta.platform' to enable JTA platform integration)
Hibernate: 
    drop table if exists tb_categoria cascade 
Hibernate: 
    drop table if exists tb_cliente cascade 
Hibernate: 
    drop table if exists tb_cupom_desconto cascade 
Hibernate: 
    drop table if exists tb_endereco cascade 
Hibernate: 
    drop table if exists tb_item_pedido cascade 
Hibernate: 
    drop table if exists tb_opcao_frete_pedido cascade 
Hibernate: 
    drop table if exists tb_pagamento cascade 
Hibernate: 
    drop table if exists tb_parametro cascade 
Hibernate: 
    drop table if exists tb_pedido cascade 
Hibernate: 
    drop table if exists tb_pedido_cupom cascade 
Hibernate: 
    drop table if exists tb_pedido_status_historico cascade 
Hibernate: 
    drop table if exists tb_perfil cascade 
Hibernate: 
    drop table if exists tb_perfil_usuario cascade 
Hibernate: 
    drop table if exists tb_produto cascade 
Hibernate: 
    drop table if exists tb_produto_variacao cascade 
Hibernate: 
    drop table if exists tb_usuario cascade 
Hibernate: 
    create table tb_categoria (
        ativa boolean not null,
        id bigint generated by default as identity,
        nome varchar(100) not null unique,
        descricao varchar(255) not null,
        primary key (id)
    )
Hibernate: 
    create table tb_cliente (
        ativo boolean not null,
        data_atualizacao timestamp(6) with time zone,
        data_cadastro timestamp(6) with time zone not null,
        id bigint generated by default as identity,
        usuario_id bigint unique,
        nome varchar(150) not null,
        email varchar(255) not null unique,
        numero_documento varchar(255) not null unique,
        telefone varchar(255) not null,
        tipo_cliente enum ('REVENDA','VAREJO') not null,
        tipo_pessoa enum ('FISICA','JURIDICA') not null,
        primary key (id)
    )
Hibernate: 
    create table tb_cupom_desconto (
        ativo boolean not null,
        data_validade date,
        limite_usos integer not null,
        quantidade_minima_itens integer,
        valor_desconto numeric(15,2) not null,
        valor_minimo_pedido numeric(15,2),
        data_cadastro timestamp(6) with time zone not null,
        id bigint generated by default as identity,
        codigo varchar(30) not null unique,
        tipo_desconto enum ('FIXO','PERCENTUAL') not null,
        primary key (id)
    )
Hibernate: 
    create table tb_endereco (
        endereco_principal boolean not null,
        cep varchar(8) not null,
        cliente_id bigint not null,
        data_cadastro timestamp(6) with time zone not null,
        id bigint generated by default as identity,
        apelido varchar(255),
        bairro varchar(255) not null,
        cidade varchar(255) not null,
        complemento varchar(255),
        estado varchar(255) not null,
        logradouro varchar(255) not null,
        numero varchar(255) not null,
        observacoes varchar(255),
        ponto_referencia varchar(255),
        tipo_endereco enum ('COBRANCA','ENTREGA') not null,
        primary key (id)
    )
Hibernate: 
    create table tb_item_pedido (
        custo_unitario_snapshot numeric(38,2),
        preco_unitario numeric(15,2) not null,
        quantidade integer not null check (quantidade>=1),
        id bigint generated by default as identity,
        pedido_id bigint,
        produto_variacao_id bigint,
        nome_produto_snapshot varchar(150) not null,
        img_produto_snapshot varchar(255),
        primary key (id)
    )
Hibernate: 
    create table tb_opcao_frete_pedido (
        prazo_dias integer,
        valor numeric(38,2),
        id bigint generated by default as identity,
        pedido_id bigint,
        empresa varchar(255),
        nome varchar(255),
        provider varchar(255),
        service_id varchar(255),
        primary key (id)
    )
Hibernate: 
    create table tb_pagamento (
        parcelas_cartao integer,
        valor_pago numeric(15,2) not null,
        data_confirmacao timestamp(6) with time zone,
        data_pagamento timestamp(6) with time zone,
        id bigint generated by default as identity,
        codigo_transacao varchar(255),
        gateway_pagamento varchar(255),
        motivo_recusa varchar(255),
        forma_pagamento enum ('CARTAO_CREDITO','PIX') not null,
        status_pagamento enum ('APROVADO','ESTORNADO','PENDENTE','RECUSADO') not null,
        primary key (id)
    )
Hibernate: 
    create table tb_parametro (
        id bigint generated by default as identity,
        valor varchar(255) not null,
        chave enum ('CEP_ORIGEM','FRETE_PROVIDER_PADRAO') not null unique,
        primary key (id)
    )
Hibernate: 
    create table tb_pedido (
        desconto numeric(15,2),
        prazo_entrega_dias integer,
        valor_desconto_final numeric(38,2),
        valor_frete numeric(15,2),
        valor_frete_final numeric(38,2),
        valor_subtotal numeric(15,2) not null,
        valor_total numeric(15,2) not null,
        valor_total_final numeric(38,2),
        cliente_id bigint,
        data_aguardando_envio timestamp(6) with time zone,
        data_atualizacao timestamp(6) with time zone,
        data_calculo_frete timestamp(6) with time zone,
        data_cancelamento timestamp(6) with time zone,
        data_conclusao_pedido timestamp(6) with time zone,
        data_criacao timestamp(6) with time zone not null,
        data_entrega timestamp(6) with time zone,
        data_envio timestamp(6) with time zone,
        data_fim_producao timestamp(6) with time zone,
        data_inicio_producao timestamp(6) with time zone,
        data_pagamento_confirmado timestamp(6) with time zone,
        data_separacao timestamp(6) with time zone,
        id bigint generated by default as identity,
        pagamento_id bigint unique,
        codigo_pedido varchar(50) not null unique,
        bairro varchar(255),
        cep varchar(255),
        cidade varchar(255),
        complemento varchar(255),
        documento_cliente varchar(255),
        estado varchar(255),
        frete_empresa varchar(255),
        frete_service_id varchar(255),
        logradouro varchar(255),
        nome_cliente varchar(255),
        nome_servico_frete varchar(255),
        numero varchar(255),
        observacao varchar(255),
        ponto_referencia varchar(255),
        telefone varchar(255),
        origem_pedido enum ('REDE_SOCIAL','SITE','WHATSAPP') not null,
        status_pedido enum ('AGUARDANDO_ENVIO','AGUARDANDO_PAGAMENTO','CANCELADO','EM_PRODUCAO','EM_SEPARACAO','ENTREGUE','ENVIADO','PAGAMENTO_CONFIRMADO','RASCUNHO','REEMBOLSADO') not null,
        tipo_cliente enum ('REVENDA','VAREJO'),
        primary key (id)
    )
Hibernate: 
    create table tb_pedido_cupom (
        valor_desconto_aplicado numeric(15,2) not null,
        cupom_id bigint,
        data_aplicacao timestamp(6) with time zone,
        id bigint generated by default as identity,
        pedido_id bigint,
        codigo_cupom varchar(255) not null,
        tipo_desconto enum ('FIXO','PERCENTUAL') not null,
        primary key (id)
    )
Hibernate: 
    create table tb_pedido_status_historico (
        id bigint generated by default as identity,
        momento timestamp(6) with time zone,
        pedido_id bigint,
        status_anterior enum ('AGUARDANDO_ENVIO','AGUARDANDO_PAGAMENTO','CANCELADO','EM_PRODUCAO','EM_SEPARACAO','ENTREGUE','ENVIADO','PAGAMENTO_CONFIRMADO','RASCUNHO','REEMBOLSADO'),
        status_novo enum ('AGUARDANDO_ENVIO','AGUARDANDO_PAGAMENTO','CANCELADO','EM_PRODUCAO','EM_SEPARACAO','ENTREGUE','ENVIADO','PAGAMENTO_CONFIRMADO','RASCUNHO','REEMBOLSADO'),
        primary key (id)
    )
Hibernate: 
    create table tb_perfil (
        id bigint generated by default as identity,
        nome varchar(50) not null unique,
        primary key (id)
    )
Hibernate: 
    create table tb_perfil_usuario (
        perfil_id bigint not null,
        usuario_id bigint not null
    )
Hibernate: 
    create table tb_produto (
        altura integer not null,
        ativo boolean not null,
        comprimento integer not null,
        destaque boolean not null,
        largura integer not null,
        peso float(53) not null,
        categoria_id bigint not null,
        data_atualizacao timestamp(6) with time zone,
        data_cadastro timestamp(6) with time zone not null,
        id bigint generated by default as identity,
        nome varchar(150) not null,
        slug varchar(150) not null unique,
        descricao TEXT,
        img_url varchar(255),
        primary key (id)
    )
Hibernate: 
    create table tb_produto_variacao (
        ativo boolean not null,
        custo_producao numeric(15,4) not null,
        data_prevista_envio date,
        estoque_minimo integer not null,
        preco_revenda numeric(15,2) not null,
        preco_varejo numeric(15,2) not null,
        quantidade_estoque integer not null,
        data_atualizacao timestamp(6) with time zone,
        data_cadastro timestamp(6) with time zone not null,
        id bigint generated by default as identity,
        produto_id bigint not null,
        tempo_producao_estimado timestamp(6) with time zone,
        nome varchar(100) not null,
        sku varchar(100) not null unique,
        descricao TEXT,
        img_url varchar(255),
        tipo_estoque enum ('ESTOQUE','PRE_VENDA','PRODUCAO') not null,
        primary key (id)
    )
Hibernate: 
    create table tb_usuario (
        ativo boolean not null,
        data_criacao timestamp(6) with time zone not null,
        id bigint generated by default as identity,
        username varchar(30) not null unique,
        password varchar(255) not null,
        primary key (id)
    )
Hibernate: 
    alter table if exists tb_cliente 
       add constraint FK4x99w8pcrk3btisu4aw1t0ryl 
       foreign key (usuario_id) 
       references tb_usuario
Hibernate: 
    alter table if exists tb_endereco 
       add constraint FKtqe8u5ggrtf93dr80hiibdfd 
       foreign key (cliente_id) 
       references tb_cliente
Hibernate: 
    alter table if exists tb_item_pedido 
       add constraint FK3qvnhpdyxagngbf1t326cvnse 
       foreign key (pedido_id) 
       references tb_pedido
Hibernate: 
    alter table if exists tb_item_pedido 
       add constraint FKpvyb5qcrkqqo0619ebh7vtk10 
       foreign key (produto_variacao_id) 
       references tb_produto_variacao
Hibernate: 
    alter table if exists tb_opcao_frete_pedido 
       add constraint FKrknwj58q1ropggcfna9okoxhx 
       foreign key (pedido_id) 
       references tb_pedido
Hibernate: 
    alter table if exists tb_pedido 
       add constraint FKajo6v90obpung9h40lcain479 
       foreign key (cliente_id) 
       references tb_cliente
Hibernate: 
    alter table if exists tb_pedido 
       add constraint FKhbux1bhtr20q091e51dc98dkc 
       foreign key (pagamento_id) 
       references tb_pagamento
Hibernate: 
    alter table if exists tb_pedido_cupom 
       add constraint FK5ug7vq7d77vwjtod33ekq68rl 
       foreign key (cupom_id) 
       references tb_cupom_desconto
Hibernate: 
    alter table if exists tb_pedido_cupom 
       add constraint FKfve8if38ok9hst7fne9rghhlu 
       foreign key (pedido_id) 
       references tb_pedido
Hibernate: 
    alter table if exists tb_perfil_usuario 
       add constraint FK2k6xaedffubppueu4je807r7v 
       foreign key (perfil_id) 
       references tb_perfil
Hibernate: 
    alter table if exists tb_perfil_usuario 
       add constraint FKqeu7y7fuxn54gtaoyfptdog1q 
       foreign key (usuario_id) 
       references tb_usuario
Hibernate: 
    alter table if exists tb_produto 
       add constraint FK1ksfe2oumgjxke3oc5op41lej 
       foreign key (categoria_id) 
       references tb_categoria
Hibernate: 
    alter table if exists tb_produto_variacao 
       add constraint FK8feywhpx3sccbu3qfyb0f0279 
       foreign key (produto_id) 
       references tb_produto
2026-05-02T13:48:19.761-03:00  INFO 11900 --- [fabricapins] [           main] j.LocalContainerEntityManagerFactoryBean : Initialized JPA EntityManagerFactory for persistence unit 'default'
2026-05-02T13:48:20.052-03:00  INFO 11900 --- [fabricapins] [           main] o.s.d.j.r.query.QueryEnhancerFactory     : Hibernate is in classpath; If applicable, HQL parser will be used.
2026-05-02T13:48:20.613-03:00  INFO 11900 --- [fabricapins] [           main] r$InitializeUserDetailsManagerConfigurer : Global AuthenticationManager configured with UserDetailsService bean with name customUserDetailsService
2026-05-02T13:48:21.642-03:00  INFO 11900 --- [fabricapins] [           main] o.s.b.a.e.web.EndpointLinksResolver      : Exposing 1 endpoint beneath base path '/actuator'
2026-05-02T13:48:22.149-03:00  INFO 11900 --- [fabricapins] [           main] o.s.b.a.h2.H2ConsoleAutoConfiguration    : H2 console available at '/h2-console'. Database available at 'jdbc:h2:mem:fabricapins'
2026-05-02T13:48:22.532-03:00  INFO 11900 --- [fabricapins] [           main] c.f.f.FabricapinsApplicationTests        : Started FabricapinsApplicationTests in 6.398 seconds (process running for 7.209)
Hibernate: 
    select
        p1_0.id,
        p1_0.nome 
    from
        tb_perfil p1_0
]]></system-out>
    <system-err><![CDATA[WARNING: A Java agent has been loaded dynamically (C:\Users\allan\.m2\repository\net\bytebuddy\byte-buddy-agent\1.14.19\byte-buddy-agent-1.14.19.jar)
WARNING: If a serviceability tool is in use, please run with -XX:+EnableDynamicAgentLoading to hide this warning
WARNING: If a serviceability tool is not in use, please run with -Djdk.instrument.traceUsage for more information
WARNING: Dynamic loading of agents will be disallowed by default in a future release
]]></system-err>
  </testcase>
</testsuite>